<?xml version="1.0" encoding="UTF-8"?>
<!-- Generated by org.testng.reporters.JUnitReportReporter -->
<testsuite hostname="DESKTOP-1RLTEAV" failures="0" tests="1" name="driverFactory.AppTest" time="38.472" errors="0" timestamp="2025-09-24T11:08:47 IST" skipped="0">
  <testcase classname="driverFactory.AppTest" name="startTest" time="38.472">
    <system-out>
      <![CDATA[No of rows are::7
Login Success
Incorrect user ID or password
Incorrect user ID or password
Login Success
Login Success
Incorrect user ID or password
Incorrect user ID or password]]>
    </system-out>
  </testcase> <!-- startTest -->
  <system-out>
    <![CDATA[No of rows are::7
Login Success
Incorrect user ID or password
Incorrect user ID or password
Login Success
Login Success
Incorrect user ID or password
Incorrect user ID or password]]>
  </system-out>
</testsuite> <!-- driverFactory.AppTest -->
